This is pdfTeX, Version 3.14159265-2.6-1.40.19 (TeX Live 2018) (preloaded format=pdflatex 2019.1.12)  8 FEB 2020 01:29
entering extended mode
 restricted \write18 enabled.
 %&-line parsing enabled.
**ds_b_report.tex
(./ds_b_report.tex
LaTeX2e <2018-04-01> patch level 2
Babel <3.18> and hyphenation patterns for 84 language(s) loaded.
(./ieeeconf.cls
Document Class: ieeeconf 2004/1/15 revision V1.6b by Pradeep Misra
\@IEEEtrantmpdimenA=\dimen102
\@IEEEtrantmpdimenB=\dimen103
\@IEEEtrantmpcountA=\count80
\@IEEEtrantmpcountB=\count81
\@IEEEtrantmptoksA=\toks14
LaTeX Font Info:    Try loading font information for OT1+ptm on input line 792.

(/usr/local/texlive/2018/texmf-dist/tex/latex/psnfss/ot1ptm.fd
File: ot1ptm.fd 2001/06/04 font definitions for OT1/ptm.
)
\@IEEEnormalsizefontbaselineskip=\skip41

-- This is a 12 point document.
\normalsizebaselineskip=\skip42
\normaljot=\skip43
LaTeX Font Info:    Font shape `OT1/ptm/bx/n' in size <6> not available
(Font)              Font shape `OT1/ptm/b/n' tried instead on input line 1111.
LaTeX Font Info:    Font shape `OT1/ptm/bx/it' in size <6> not available
(Font)              Font shape `OT1/ptm/b/it' tried instead on input line 1111.

LaTeX Font Info:    Font shape `OT1/ptm/bx/n' in size <8> not available
(Font)              Font shape `OT1/ptm/b/n' tried instead on input line 1111.
LaTeX Font Info:    Font shape `OT1/ptm/bx/it' in size <8> not available
(Font)              Font shape `OT1/ptm/b/it' tried instead on input line 1111.

LaTeX Font Info:    Font shape `OT1/ptm/bx/n' in size <9> not available
(Font)              Font shape `OT1/ptm/b/n' tried instead on input line 1111.
LaTeX Font Info:    Font shape `OT1/ptm/bx/it' in size <9> not available
(Font)              Font shape `OT1/ptm/b/it' tried instead on input line 1111.

LaTeX Font Info:    Font shape `OT1/ptm/bx/n' in size <10> not available
(Font)              Font shape `OT1/ptm/b/n' tried instead on input line 1111.
LaTeX Font Info:    Font shape `OT1/ptm/bx/it' in size <10> not available
(Font)              Font shape `OT1/ptm/b/it' tried instead on input line 1111.

LaTeX Font Info:    Font shape `OT1/ptm/bx/n' in size <12> not available
(Font)              Font shape `OT1/ptm/b/n' tried instead on input line 1111.
LaTeX Font Info:    Font shape `OT1/ptm/bx/it' in size <12> not available
(Font)              Font shape `OT1/ptm/b/it' tried instead on input line 1111.

LaTeX Font Info:    Font shape `OT1/ptm/bx/n' in size <14> not available
(Font)              Font shape `OT1/ptm/b/n' tried instead on input line 1111.
LaTeX Font Info:    Font shape `OT1/ptm/bx/it' in size <14> not available
(Font)              Font shape `OT1/ptm/b/it' tried instead on input line 1111.

LaTeX Font Info:    Font shape `OT1/ptm/bx/n' in size <20> not available
(Font)              Font shape `OT1/ptm/b/n' tried instead on input line 1111.
LaTeX Font Info:    Font shape `OT1/ptm/bx/it' in size <20> not available
(Font)              Font shape `OT1/ptm/b/it' tried instead on input line 1111.

LaTeX Font Info:    Font shape `OT1/ptm/bx/n' in size <22> not available
(Font)              Font shape `OT1/ptm/b/n' tried instead on input line 1111.
LaTeX Font Info:    Font shape `OT1/ptm/bx/it' in size <22> not available
(Font)              Font shape `OT1/ptm/b/it' tried instead on input line 1111.

LaTeX Font Info:    Font shape `OT1/ptm/bx/n' in size <24> not available
(Font)              Font shape `OT1/ptm/b/n' tried instead on input line 1111.
LaTeX Font Info:    Font shape `OT1/ptm/bx/it' in size <24> not available
(Font)              Font shape `OT1/ptm/b/it' tried instead on input line 1111.

\IEEEilabelindentA=\dimen104
\IEEEilabelindentB=\dimen105
\IEEEilabelindent=\dimen106
\IEEEelabelindent=\dimen107
\IEEEdlabelindent=\dimen108
\labelindent=\dimen109
\IEEEiednormlabelsep=\dimen110
\IEEEiedmathlabelsep=\dimen111
\IEEEiedtopsep=\skip44
\c@section=\count82
\c@subsection=\count83
\c@subsubsection=\count84
\c@paragraph=\count85
\c@IEEEsubequation=\count86
\abovecaptionskip=\skip45
\belowcaptionskip=\skip46
\c@figure=\count87
\c@table=\count88
\@IEEEeqnnumcols=\count89
\@IEEEeqncolcnt=\count90
\@IEEEtmpitemindent=\dimen112
\c@biography=\count91
\@IEEEtranrubishbin=\box26
) (/usr/local/texlive/2018/texmf-dist/tex/latex/graphics/graphicx.sty
Package: graphicx 2017/06/01 v1.1a Enhanced LaTeX Graphics (DPC,SPQR)

(/usr/local/texlive/2018/texmf-dist/tex/latex/graphics/keyval.sty
Package: keyval 2014/10/28 v1.15 key=value parser (DPC)
\KV@toks@=\toks15
)
(/usr/local/texlive/2018/texmf-dist/tex/latex/graphics/graphics.sty
Package: graphics 2017/06/25 v1.2c Standard LaTeX Graphics (DPC,SPQR)

(/usr/local/texlive/2018/texmf-dist/tex/latex/graphics/trig.sty
Package: trig 2016/01/03 v1.10 sin cos tan (DPC)
)
(/usr/local/texlive/2018/texmf-dist/tex/latex/graphics-cfg/graphics.cfg
File: graphics.cfg 2016/06/04 v1.11 sample graphics configuration
)
Package graphics Info: Driver file: pdftex.def on input line 99.

(/usr/local/texlive/2018/texmf-dist/tex/latex/graphics-def/pdftex.def
File: pdftex.def 2018/01/08 v1.0l Graphics/color driver for pdftex
))
\Gin@req@height=\dimen113
\Gin@req@width=\dimen114
)
(/usr/local/texlive/2018/texmf-dist/tex/latex/hyperref/hyperref.sty
Package: hyperref 2018/02/06 v6.86b Hypertext links for LaTeX

(/usr/local/texlive/2018/texmf-dist/tex/generic/oberdiek/hobsub-hyperref.sty
Package: hobsub-hyperref 2016/05/16 v1.14 Bundle oberdiek, subset hyperref (HO)


(/usr/local/texlive/2018/texmf-dist/tex/generic/oberdiek/hobsub-generic.sty
Package: hobsub-generic 2016/05/16 v1.14 Bundle oberdiek, subset generic (HO)
Package: hobsub 2016/05/16 v1.14 Construct package bundles (HO)
Package: infwarerr 2016/05/16 v1.4 Providing info/warning/error messages (HO)
Package: ltxcmds 2016/05/16 v1.23 LaTeX kernel commands for general use (HO)
Package: ifluatex 2016/05/16 v1.4 Provides the ifluatex switch (HO)
Package ifluatex Info: LuaTeX not detected.
Package: ifvtex 2016/05/16 v1.6 Detect VTeX and its facilities (HO)
Package ifvtex Info: VTeX not detected.
Package: intcalc 2016/05/16 v1.2 Expandable calculations with integers (HO)
Package: ifpdf 2017/03/15 v3.2 Provides the ifpdf switch
Package: etexcmds 2016/05/16 v1.6 Avoid name clashes with e-TeX commands (HO)
Package etexcmds Info: Could not find \expanded.
(etexcmds)             That can mean that you are not using pdfTeX 1.50 or
(etexcmds)             that some package has redefined \expanded.
(etexcmds)             In the latter case, load this package earlier.
Package: kvsetkeys 2016/05/16 v1.17 Key value parser (HO)
Package: kvdefinekeys 2016/05/16 v1.4 Define keys (HO)
Package: pdftexcmds 2018/01/30 v0.27 Utility functions of pdfTeX for LuaTeX (HO
)
Package pdftexcmds Info: LuaTeX not detected.
Package pdftexcmds Info: \pdf@primitive is available.
Package pdftexcmds Info: \pdf@ifprimitive is available.
Package pdftexcmds Info: \pdfdraftmode found.
Package: pdfescape 2016/05/16 v1.14 Implements pdfTeX's escape features (HO)
Package: bigintcalc 2016/05/16 v1.4 Expandable calculations on big integers (HO
)
Package: bitset 2016/05/16 v1.2 Handle bit-vector datatype (HO)
Package: uniquecounter 2016/05/16 v1.3 Provide unlimited unique counter (HO)
)
Package hobsub Info: Skipping package `hobsub' (already loaded).
Package: letltxmacro 2016/05/16 v1.5 Let assignment for LaTeX macros (HO)
Package: hopatch 2016/05/16 v1.3 Wrapper for package hooks (HO)
Package: xcolor-patch 2016/05/16 xcolor patch
Package: atveryend 2016/05/16 v1.9 Hooks at the very end of document (HO)
Package atveryend Info: \enddocument detected (standard20110627).
Package: atbegshi 2016/06/09 v1.18 At begin shipout hook (HO)
Package: refcount 2016/05/16 v3.5 Data extraction from label references (HO)
Package: hycolor 2016/05/16 v1.8 Color options for hyperref/bookmark (HO)
)
(/usr/local/texlive/2018/texmf-dist/tex/generic/ifxetex/ifxetex.sty
Package: ifxetex 2010/09/12 v0.6 Provides ifxetex conditional
)
(/usr/local/texlive/2018/texmf-dist/tex/latex/oberdiek/auxhook.sty
Package: auxhook 2016/05/16 v1.4 Hooks for auxiliary files (HO)
)
(/usr/local/texlive/2018/texmf-dist/tex/latex/oberdiek/kvoptions.sty
Package: kvoptions 2016/05/16 v3.12 Key value format for package options (HO)
)
\@linkdim=\dimen115
\Hy@linkcounter=\count92
\Hy@pagecounter=\count93

(/usr/local/texlive/2018/texmf-dist/tex/latex/hyperref/pd1enc.def
File: pd1enc.def 2018/02/06 v6.86b Hyperref: PDFDocEncoding definition (HO)
Now handling font encoding PD1 ...
... no UTF-8 mapping file for font encoding PD1
)
\Hy@SavedSpaceFactor=\count94

(/usr/local/texlive/2018/texmf-dist/tex/latex/latexconfig/hyperref.cfg
File: hyperref.cfg 2002/06/06 v1.2 hyperref configuration of TeXLive
)
Package hyperref Info: Hyper figures OFF on input line 4509.
Package hyperref Info: Link nesting OFF on input line 4514.
Package hyperref Info: Hyper index ON on input line 4517.
Package hyperref Info: Plain pages OFF on input line 4524.
Package hyperref Info: Backreferencing OFF on input line 4529.
Package hyperref Info: Implicit mode ON; LaTeX internals redefined.
Package hyperref Info: Bookmarks ON on input line 4762.
\c@Hy@tempcnt=\count95

(/usr/local/texlive/2018/texmf-dist/tex/latex/url/url.sty
\Urlmuskip=\muskip10
Package: url 2013/09/16  ver 3.4  Verb mode for urls, etc.
)
LaTeX Info: Redefining \url on input line 5115.
\XeTeXLinkMargin=\dimen116
\Fld@menulength=\count96
\Field@Width=\dimen117
\Fld@charsize=\dimen118
Package hyperref Info: Hyper figures OFF on input line 6369.
Package hyperref Info: Link nesting OFF on input line 6374.
Package hyperref Info: Hyper index ON on input line 6377.
Package hyperref Info: backreferencing OFF on input line 6384.
Package hyperref Info: Link coloring OFF on input line 6389.
Package hyperref Info: Link coloring with OCG OFF on input line 6394.
Package hyperref Info: PDF/A mode OFF on input line 6399.
LaTeX Info: Redefining \ref on input line 6439.
LaTeX Info: Redefining \pageref on input line 6443.
\Hy@abspage=\count97
\c@Item=\count98
\c@Hfootnote=\count99
)
Package hyperref Info: Driver (autodetected): hpdftex.

(/usr/local/texlive/2018/texmf-dist/tex/latex/hyperref/hpdftex.def
File: hpdftex.def 2018/02/06 v6.86b Hyperref driver for pdfTeX
\Fld@listcount=\count100
\c@bookmark@seq@number=\count101

(/usr/local/texlive/2018/texmf-dist/tex/latex/oberdiek/rerunfilecheck.sty
Package: rerunfilecheck 2016/05/16 v1.8 Rerun checks for auxiliary files (HO)
Package uniquecounter Info: New unique counter `rerunfilecheck' on input line 2
82.
)
\Hy@SectionHShift=\skip47
)
Package hyperref Info: Option `colorlinks' set `true' on input line 24.

(./ds_b_report.aux

LaTeX Warning: Label `fig:boat1' multiply defined.


LaTeX Warning: Label `fig:boat1' multiply defined.


LaTeX Warning: Label `fig:boat1' multiply defined.


LaTeX Warning: Label `fig:boat1' multiply defined.


LaTeX Warning: Label `fig:boat1' multiply defined.


LaTeX Warning: Label `fig:boat1' multiply defined.


LaTeX Warning: Label `fig:boat1' multiply defined.


LaTeX Warning: Label `fig:boat1' multiply defined.


LaTeX Warning: Label `fig:boat1' multiply defined.


LaTeX Warning: Label `fig:boat1' multiply defined.


LaTeX Warning: Label `fig:boat1' multiply defined.


LaTeX Warning: Label `fig:boat1' multiply defined.

)
\openout1 = `ds_b_report.aux'.

LaTeX Font Info:    Checking defaults for OML/cmm/m/it on input line 50.
LaTeX Font Info:    ... okay on input line 50.
LaTeX Font Info:    Checking defaults for T1/cmr/m/n on input line 50.
LaTeX Font Info:    ... okay on input line 50.
LaTeX Font Info:    Checking defaults for OT1/cmr/m/n on input line 50.
LaTeX Font Info:    ... okay on input line 50.
LaTeX Font Info:    Checking defaults for OMS/cmsy/m/n on input line 50.
LaTeX Font Info:    ... okay on input line 50.
LaTeX Font Info:    Checking defaults for OMX/cmex/m/n on input line 50.
LaTeX Font Info:    ... okay on input line 50.
LaTeX Font Info:    Checking defaults for U/cmr/m/n on input line 50.
LaTeX Font Info:    ... okay on input line 50.
LaTeX Font Info:    Checking defaults for PD1/pdf/m/n on input line 50.
LaTeX Font Info:    ... okay on input line 50.
 (/usr/local/texlive/2018/texmf-dist/tex/context/base/mkii/supp-pdf.mkii
[Loading MPS to PDF converter (version 2006.09.02).]
\scratchcounter=\count102
\scratchdimen=\dimen119
\scratchbox=\box27
\nofMPsegments=\count103
\nofMParguments=\count104
\everyMPshowfont=\toks16
\MPscratchCnt=\count105
\MPscratchDim=\dimen120
\MPnumerator=\count106
\makeMPintoPDFobject=\count107
\everyMPtoPDFconversion=\toks17
) (/usr/local/texlive/2018/texmf-dist/tex/latex/oberdiek/epstopdf-base.sty
Package: epstopdf-base 2016/05/15 v2.6 Base part for package epstopdf

(/usr/local/texlive/2018/texmf-dist/tex/latex/oberdiek/grfext.sty
Package: grfext 2016/05/16 v1.2 Manage graphics extensions (HO)
)
Package epstopdf-base Info: Redefining graphics rule for `.eps' on input line 4
38.
Package grfext Info: Graphics extension search list:
(grfext)             [.pdf,.png,.jpg,.mps,.jpeg,.jbig2,.jb2,.PDF,.PNG,.JPG,.JPE
G,.JBIG2,.JB2,.eps]
(grfext)             \AppendGraphicsExtensions on input line 456.

(/usr/local/texlive/2018/texmf-dist/tex/latex/latexconfig/epstopdf-sys.cfg
File: epstopdf-sys.cfg 2010/07/13 v1.3 Configuration of (r)epstopdf for TeX Liv
e
))
\AtBeginShipoutBox=\box28

(/usr/local/texlive/2018/texmf-dist/tex/latex/graphics/color.sty
Package: color 2016/07/10 v1.1e Standard LaTeX Color (DPC)

(/usr/local/texlive/2018/texmf-dist/tex/latex/graphics-cfg/color.cfg
File: color.cfg 2016/01/02 v1.6 sample color configuration
)
Package color Info: Driver file: pdftex.def on input line 147.
)
Package hyperref Info: Link coloring ON on input line 50.

(/usr/local/texlive/2018/texmf-dist/tex/latex/hyperref/nameref.sty
Package: nameref 2016/05/21 v2.44 Cross-referencing by name of section

(/usr/local/texlive/2018/texmf-dist/tex/generic/oberdiek/gettitlestring.sty
Package: gettitlestring 2016/05/16 v1.5 Cleanup title references (HO)
)
\c@section@level=\count108
)
LaTeX Info: Redefining \ref on input line 50.
LaTeX Info: Redefining \pageref on input line 50.
LaTeX Info: Redefining \nameref on input line 50.

(./ds_b_report.out) (./ds_b_report.out)
\@outlinefile=\write3
\openout3 = `ds_b_report.out'.

<./figs/next_t.png, id=76, 452.69125pt x 319.1925pt>
File: ./figs/next_t.png Graphic file (type png)
<use ./figs/next_t.png>
Package pdftex.def Info: ./figs/next_t.png  used on input line 66.
(pdftex.def)             Requested size: 256.0748pt x 180.5584pt.

Overfull \hbox (10.35669pt too wide) in paragraph at lines 66--67
[][] 
 []

<./figs/ave-ntih-inc-trd.png, id=78, 780.9175pt x 308.15125pt>
File: ./figs/ave-ntih-inc-trd.png Graphic file (type png)
<use ./figs/ave-ntih-inc-trd.png>
Package pdftex.def Info: ./figs/ave-ntih-inc-trd.png  used on input line 71.
(pdftex.def)             Requested size: 284.52756pt x 112.27443pt.

Overfull \hbox (38.80945pt too wide) in paragraph at lines 71--72
[][] 
 []

<./figs/next_t_vs_rd.png, id=79, 452.69125pt x 319.1925pt>
File: ./figs/next_t_vs_rd.png Graphic file (type png)
<use ./figs/next_t_vs_rd.png>
Package pdftex.def Info: ./figs/next_t_vs_rd.png  used on input line 79.
(pdftex.def)             Requested size: 227.62204pt x 160.49689pt.

Underfull \hbox (badness 4872) in paragraph at lines 80--80
\OT1/ptm/m/n/9 Fig. 3.   []Relation be-tween read-mis-sion and num-ber of
 []

LaTeX Font Info:    External font `cmex10' loaded for size
(Font)              <12> on input line 83.
LaTeX Font Info:    External font `cmex10' loaded for size
(Font)              <8> on input line 83.
LaTeX Font Info:    External font `cmex10' loaded for size
(Font)              <6> on input line 83.

Underfull \hbox (badness 2237) in paragraph at lines 61--86
\OT1/ptm/m/n/12 HOS-PI-TALS FOR YEARS 1999-2008 DATA
 []


Underfull \hbox (badness 10000) in paragraph at lines 61--86

 []


Underfull \hbox (badness 1406) in paragraph at lines 61--86
\OT1/ptm/m/it/12 time[]in[]hospital \OT1/ptm/m/n/12 of the next en-counter of t
he
 []


Underfull \hbox (badness 10000) in paragraph at lines 61--86

 []


Underfull \hbox (badness 10000) in paragraph at lines 61--86
\OT1/ptm/m/n/12 From Fig 1, I can con-clude that
 []


Underfull \hbox (badness 10000) in paragraph at lines 61--86

 []


Underfull \hbox (badness 1509) in paragraph at lines 61--86
\OT1/ptm/m/n/12 There are two things that can be con-cluded
 []


Underfull \hbox (badness 1748) in paragraph at lines 61--86
\OT1/ptm/m/n/12 dis-tri-bu-tion, but skewed to-wards right, which
 []


Underfull \hbox (badness 1783) in paragraph at lines 61--86
\OT1/ptm/m/n/12 en-coun-ters to the hos-pi-tal; sec-ond, there are
 []


Underfull \hbox (badness 10000) in paragraph at lines 61--86

 []


Underfull \hbox (badness 10000) in paragraph at lines 61--86
\OT1/ptm/m/n/12 I also ex-am-ined the re-la-tion-ship be-tween
 []


Underfull \hbox (badness 10000) in paragraph at lines 61--86

 []


LaTeX Warning: `h' float specifier changed to `ht'.


LaTeX Warning: `h' float specifier changed to `ht'.

[1{/usr/local/texlive/2018/texmf-var/fonts/map/pdftex/updmap/pdftex.map}


 <./figs/next_t.png> <./figs/ave-ntih-inc-trd.png>]
Underfull \hbox (badness 2111) in paragraph at lines 88--89
\OT1/ptm/m/n/12 I dropped the col-umn from the data set. I
 []


Underfull \hbox (badness 1845) in paragraph at lines 88--89
\OT1/ptm/m/n/12 dropped `payer[]code' as from the cor-re-la-tion
 []


Underfull \hbox (badness 2538) in paragraph at lines 88--89
\OT1/ptm/m/n/12 ma-trix of the data set, `payer[]coder' has a
 []

<./figs/race_dist.png, id=92, 740.7675pt x 372.39125pt>
File: ./figs/race_dist.png Graphic file (type png)
<use ./figs/race_dist.png>
Package pdftex.def Info: ./figs/race_dist.png  used on input line 93.
(pdftex.def)             Requested size: 256.0748pt x 128.73082pt.

Overfull \hbox (10.35669pt too wide) in paragraph at lines 93--94
[][] 
 []

<./figs/age_dist.png, id=93, 735.74875pt x 346.29375pt>
File: ./figs/age_dist.png Graphic file (type png)
<use ./figs/age_dist.png>
Package pdftex.def Info: ./figs/age_dist.png  used on input line 99.
(pdftex.def)             Requested size: 256.0748pt x 120.52826pt.

Overfull \hbox (10.35669pt too wide) in paragraph at lines 99--100
[][] 
 []

<./figs/admin_type.png, id=94, 740.7675pt x 337.26pt>
File: ./figs/admin_type.png Graphic file (type png)
<use ./figs/admin_type.png>
Package pdftex.def Info: ./figs/admin_type.png  used on input line 105.
(pdftex.def)             Requested size: 227.61227pt x 113.80746pt.
<./figs/disc-pos.png, id=95, 740.7675pt x 609.27625pt>
File: ./figs/disc-pos.png Graphic file (type png)
<use ./figs/disc-pos.png>
Package pdftex.def Info: ./figs/disc-pos.png  used on input line 106.
(pdftex.def)             Requested size: 227.61227pt x 113.80206pt.
<./figs/admis-source.png, id=96, 740.7675pt x 609.27625pt>
File: ./figs/admis-source.png Graphic file (type png)
<use ./figs/admis-source.png>
Package pdftex.def Info: ./figs/admis-source.png  used on input line 107.
(pdftex.def)             Requested size: 227.61227pt x 113.80206pt.

Underfull \hbox (badness 10000) in paragraph at lines 105--110
[][]
 []


Underfull \hbox (badness 10000) in paragraph at lines 105--110
[]
 []


Underfull \hbox (badness 3590) in paragraph at lines 91--116
[]\OT1/ptm/m/n/12 I then ex-am-ined the dis-tri-bu-tion of each
 []


Underfull \hbox (badness 1377) in paragraph at lines 91--116
\OT1/ptm/m/n/12 cat-e-gories with very few sam-ples for fea-ture
 []


Underfull \hbox (badness 10000) in paragraph at lines 91--116

 []


Underfull \hbox (badness 3942) in paragraph at lines 91--116
\OT1/ptm/m/n/12 Similarly, Fig 6 shows that re-group-ing the
 []


Underfull \hbox (badness 2310) in paragraph at lines 91--116
\OT1/ptm/m/n/12 cat-e-gories for fea-ture `ad-mis-sion[]type[]id' and
 []


Underfull \hbox (badness 10000) in paragraph at lines 91--116
\OT1/ptm/m/n/12 `dis-charge[]disposition[]id', `ad-mis-sion[]source[]id'
 []


Underfull \hbox (badness 10000) in paragraph at lines 91--116

 []


Underfull \hbox (badness 4132) in paragraph at lines 91--116
\OT1/ptm/m/n/12 de-scrib-ing the tex-tual cat-e-gories of med-i-cal
 []


Underfull \hbox (badness 2158) in paragraph at lines 91--116
\OT1/ptm/m/n/12 spe-cial-ties and dif-fer-ent di-ag-noses in-stead of
 []


Underfull \hbox (badness 10000) in paragraph at lines 91--116

 []


Underfull \hbox (badness 1917) in paragraph at lines 91--116
\OT1/ptm/m/n/12 nu-mer-i-cal at-tributes and cat-e-gor-i-cal at-tributes.
 []


Underfull \hbox (badness 10000) in paragraph at lines 91--116
\OT1/ptm/m/n/12 Nu-mer-i-cal at-tributes are `time[]in[]hospital',
 []


Underfull \hbox (badness 10000) in paragraph at lines 91--116
\OT1/ptm/m/n/12 `num[]procedures', `num[]medications',
 []


Underfull \hbox (badness 10000) in paragraph at lines 91--116
\OT1/ptm/m/n/12 `num-ber[]outpatient', `num-ber[]emergency',
 []


Underfull \hbox (badness 10000) in paragraph at lines 91--116
\OT1/ptm/m/n/12 `num-ber[]inpatient', `num-ber[]diagnoses',
 []


Underfull \hbox (badness 2384) in paragraph at lines 91--116
\OT1/ptm/m/n/12 whereas the rest of fea-tures are cat-e-gor-i-cal.
 []


Underfull \hbox (badness 2253) in paragraph at lines 91--116
\OT1/ptm/m/n/12 `num-ber[]lab[]procedures' has been dropped as
 []


Underfull \hbox (badness 10000) in paragraph at lines 91--116

 []


Underfull \hbox (badness 2856) in paragraph at lines 91--116
\OT1/ptm/m/n/12 Finally, I have scaled the data us-ing max-
 []


LaTeX Warning: `h' float specifier changed to `ht'.

[2 <./figs/next_t_vs_rd.png> <./figs/race_dist.png>]
<./figs/tSNE_split.png, id=106, 966.61125pt x 359.3425pt>
File: ./figs/tSNE_split.png Graphic file (type png)
<use ./figs/tSNE_split.png>
Package pdftex.def Info: ./figs/tSNE_split.png  used on input line 118.
(pdftex.def)             Requested size: 256.0748pt x 95.19789pt.

Overfull \hbox (10.35669pt too wide) in paragraph at lines 118--119
[][] 
 []


LaTeX Warning: `h' float specifier changed to `ht'.


Underfull \hbox (badness 10000) in paragraph at lines 122--124

 []

[3 <./figs/age_dist.png> <./figs/admin_type.png> <./figs/disc-pos.png> <./figs/
admis-source.png>]
Underfull \hbox (badness 1975) in paragraph at lines 127--130
\OT1/ptm/m/n/12 min-imised dur-ing the train-ing of the Neu-ral
 []


Underfull \hbox (badness 10000) in paragraph at lines 127--130

 []


Underfull \hbox (badness 10000) in paragraph at lines 127--130

 []


Underfull \hbox (badness 4168) in paragraph at lines 127--130
\OT1/ptm/m/n/12 Given the math-e-mat-i-cal for-mula of Pois-son
 []


Underfull \hbox (badness 10000) in paragraph at lines 141--144

 []


Underfull \hbox (badness 10000) in paragraph at lines 141--144

 []


Underfull \hbox (badness 1509) in paragraph at lines 145--147
 \OT1/ptm/m/it/12 1) Learn-ing rate: [][][] \OT1/ptm/m/n/12 Learn-ing rate de-t
er-mines
 []


Underfull \hbox (badness 10000) in paragraph at lines 145--147

 []

[4 <./figs/tSNE_split.png>]
Underfull \hbox (badness 3590) in paragraph at lines 148--150
\OT1/ptm/m/n/12 of ma-trix mul-ti-pli-ca-tion dur-ing the train-ing,
 []


Underfull \hbox (badness 10000) in paragraph at lines 148--150

 []


Underfull \hbox (badness 10000) in paragraph at lines 151--153

 []


Underfull \hbox (badness 5388) in paragraph at lines 154--155
 \OT1/ptm/m/it/12 4) Ac-ti-va-tion func-tion: [][][] \OT1/ptm/m/n/12 Ac-ti-va-t
ion func-tion
 []


Underfull \hbox (badness 10000) in paragraph at lines 154--155

 []


Underfull \hbox (badness 10000) in paragraph at lines 156--160

 []


Underfull \hbox (badness 10000) in paragraph at lines 156--160

 []


Underfull \hbox (badness 3815) in paragraph at lines 156--160
\OT1/ptm/m/n/12 train-ing time, I have tweaked vari-a-tions to
 []


Overfull \hbox (22.79701pt too wide) in paragraph at lines 161--173
 [] 
 []


Underfull \hbox (badness 10000) in paragraph at lines 174--175

 []


Overfull \hbox (22.79701pt too wide) in paragraph at lines 176--188
 [] 
 []

[5]
Underfull \hbox (badness 10000) in paragraph at lines 193--194
[]\OT1/ptm/m/n/12 The two ta-bles be-low demon-strate the
 []


Underfull \hbox (badness 10000) in paragraph at lines 193--194

 []


Underfull \hbox (badness 10000) in paragraph at lines 238--240

 []


Underfull \hbox (badness 5050) in paragraph at lines 238--240
\OT1/ptm/m/n/12 However, one thing to be no-ticed is that
 []

<./figs/time-relu.png, id=133, 1186.4325pt x 459.7175pt>
File: ./figs/time-relu.png Graphic file (type png)
<use ./figs/time-relu.png>
Package pdftex.def Info: ./figs/time-relu.png  used on input line 245.
(pdftex.def)             Requested size: 512.16553pt x 142.26543pt.
<./figs/time-tanh-layer1.png, id=134, 1186.4325pt x 459.7175pt>
File: ./figs/time-tanh-layer1.png Graphic file (type png)
<use ./figs/time-tanh-layer1.png>
Package pdftex.def Info: ./figs/time-tanh-layer1.png  used on input line 246.
(pdftex.def)             Requested size: 512.16553pt x 142.26543pt.

Overfull \hbox (6.27553pt too wide) in paragraph at lines 245--247
[][] 
 []


Overfull \hbox (6.27553pt too wide) in paragraph at lines 245--247
[] 
 []

<./figs/2-layers-time-relu.png, id=135, 1182.4175pt x 459.7175pt>
File: ./figs/2-layers-time-relu.png Graphic file (type png)
<use ./figs/2-layers-time-relu.png>
Package pdftex.def Info: ./figs/2-layers-time-relu.png  used on input line 252.

(pdftex.def)             Requested size: 512.16435pt x 142.26543pt.
<./figs/time-tanh.png, id=136, 1208.515pt x 459.7175pt>
File: ./figs/time-tanh.png Graphic file (type png)
<use ./figs/time-tanh.png>
Package pdftex.def Info: ./figs/time-tanh.png  used on input line 253.
(pdftex.def)             Requested size: 512.14607pt x 142.26543pt.

Overfull \hbox (6.27435pt too wide) in paragraph at lines 252--254
[][] 
 []


Overfull \hbox (6.25607pt too wide) in paragraph at lines 252--254
[] 
 []


Underfull \hbox (badness 1742) in paragraph at lines 243--257
\OT1/ptm/m/n/12 shorter when us-ing ReLU ac-ti-va-tion func-tion
 []


Underfull \hbox (badness 10000) in paragraph at lines 243--257

 []


LaTeX Warning: `h' float specifier changed to `ht'.


LaTeX Warning: `h' float specifier changed to `ht'.

<./figs/pca_t.png, id=137, 394.47375pt x 321.2pt>
File: ./figs/pca_t.png Graphic file (type png)
<use ./figs/pca_t.png>
Package pdftex.def Info: ./figs/pca_t.png  used on input line 261.
(pdftex.def)             Requested size: 227.62119pt x 170.7204pt.

Underfull \hbox (badness 10000) in paragraph at lines 261--262

 []


Underfull \hbox (badness 7613) in paragraph at lines 259--265
 \OT1/ptm/m/it/12 2) PCA-reduced dataset: [][][] \OT1/ptm/m/n/12 Given the time

 []


Underfull \hbox (badness 10000) in paragraph at lines 259--265

 []

[6]
Underfull \vbox (badness 10000) has occurred while \output is active []


Underfull \vbox (badness 10000) has occurred while \output is active []

 [7 <./figs/time-relu.png> <./figs/time-tanh-layer1.png> <./figs/2-layers-time-
relu.png> <./figs/time-tanh.png>]
<./figs/mlp-loss_1.png, id=153, 408.52625pt x 279.0425pt>
File: ./figs/mlp-loss_1.png Graphic file (type png)
<use ./figs/mlp-loss_1.png>
Package pdftex.def Info: ./figs/mlp-loss_1.png  used on input line 268.
(pdftex.def)             Requested size: 227.62616pt x 113.81206pt.
<./figs/mlp-accuracy_1.png, id=154, 399.4925pt x 279.0425pt>
File: ./figs/mlp-accuracy_1.png Graphic file (type png)
<use ./figs/mlp-accuracy_1.png>
Package pdftex.def Info: ./figs/mlp-accuracy_1.png  used on input line 269.
(pdftex.def)             Requested size: 227.62164pt x 113.81206pt.
<./figs/mlp-loss_2.png, id=155, 401.5pt x 279.0425pt>
File: ./figs/mlp-loss_2.png Graphic file (type png)
<use ./figs/mlp-loss_2.png>
Package pdftex.def Info: ./figs/mlp-loss_2.png  used on input line 274.
(pdftex.def)             Requested size: 227.62596pt x 113.81206pt.
<./figs/mlp-accuracy_2.png, id=156, 406.51875pt x 279.0425pt>
File: ./figs/mlp-accuracy_2.png Graphic file (type png)
<use ./figs/mlp-accuracy_2.png>
Package pdftex.def Info: ./figs/mlp-accuracy_2.png  used on input line 275.
(pdftex.def)             Requested size: 227.61792pt x 113.81206pt.
<./figs/mlp-loss_20.png, id=157, 398.48875pt x 279.0425pt>
File: ./figs/mlp-loss_20.png Graphic file (type png)
<use ./figs/mlp-loss_20.png>
Package pdftex.def Info: ./figs/mlp-loss_20.png  used on input line 283.
(pdftex.def)             Requested size: 227.62129pt x 113.81206pt.
<./figs/mlp-accuracy_20.png, id=158, 399.4925pt x 279.0425pt>
File: ./figs/mlp-accuracy_20.png Graphic file (type png)
<use ./figs/mlp-accuracy_20.png>
Package pdftex.def Info: ./figs/mlp-accuracy_20.png  used on input line 284.
(pdftex.def)             Requested size: 227.62164pt x 113.81206pt.

Underfull \hbox (badness 10000) in paragraph at lines 283--285

 []


Underfull \hbox (badness 10000) in paragraph at lines 266--288

 []


Underfull \hbox (badness 10000) in paragraph at lines 266--288

 []


Underfull \hbox (badness 10000) in paragraph at lines 266--288

 []


LaTeX Warning: `h' float specifier changed to `ht'.


LaTeX Warning: `h' float specifier changed to `ht'.


Underfull \vbox (badness 1281) has occurred while \output is active []

 [8 <./figs/pca_t.png> <./figs/mlp-loss_1.png> <./figs/mlp-accuracy_1.png> <./f
igs/mlp-loss_2.png> <./figs/mlp-accuracy_2.png>]

** Conference Paper **
Before submitting the final camera ready copy, remember to:

 1. Manually equalize the lengths of two columns on the last page
 of your paper;

 2. Ensure that any PostScript and/or PDF output post-processing
 uses only Type 1 fonts and that every step in the generation
 process uses the US letter (8.5in X 11in) paper size.

Package atveryend Info: Empty hook `BeforeClearDocument' on input line 291.
[9

 <./figs/mlp-loss_20.png> <./figs/mlp-accuracy_20.png>]
Package atveryend Info: Empty hook `AfterLastShipout' on input line 291.
 (./ds_b_report.aux)
Package atveryend Info: Executing hook `AtVeryEndDocument' on input line 291.
Package atveryend Info: Executing hook `AtEndAfterFileList' on input line 291.
Package rerunfilecheck Info: File `ds_b_report.out' has not changed.
(rerunfilecheck)             Checksum: EE069D0AC98CA85B0A82D7537E7F9B3E;1252.


LaTeX Warning: There were multiply-defined labels.

Package atveryend Info: Empty hook `AtVeryVeryEnd' on input line 291.
 ) 
Here is how much of TeX's memory you used:
 5753 strings out of 492649
 88988 string characters out of 6129622
 186152 words of memory out of 5000000
 9554 multiletter control sequences out of 15000+600000
 32540 words of font info for 66 fonts, out of 8000000 for 9000
 1141 hyphenation exceptions out of 8191
 28i,9n,28p,1145b,312s stack positions out of 5000i,500n,10000p,200000b,80000s
{/usr/local/texlive/2018/texmf-dist/fonts/enc/dvips/base/8r.enc}</usr/local/t
exlive/2018/texmf-dist/fonts/type1/public/amsfonts/cm/cmex10.pfb></usr/local/te
xlive/2018/texmf-dist/fonts/type1/public/amsfonts/cm/cmmi12.pfb></usr/local/tex
live/2018/texmf-dist/fonts/type1/public/amsfonts/cm/cmmi6.pfb></usr/local/texli
ve/2018/texmf-dist/fonts/type1/public/amsfonts/cm/cmmi8.pfb></usr/local/texlive
/2018/texmf-dist/fonts/type1/public/amsfonts/cm/cmr12.pfb></usr/local/texlive/2
018/texmf-dist/fonts/type1/public/amsfonts/cm/cmr8.pfb></usr/local/texlive/2018
/texmf-dist/fonts/type1/public/amsfonts/cm/cmsy10.pfb></usr/local/texlive/2018/
texmf-dist/fonts/type1/public/amsfonts/cm/cmsy6.pfb></usr/local/texlive/2018/te
xmf-dist/fonts/type1/urw/times/utmb8a.pfb></usr/local/texlive/2018/texmf-dist/f
onts/type1/urw/times/utmr8a.pfb></usr/local/texlive/2018/texmf-dist/fonts/type1
/urw/times/utmri8a.pfb>
Output written on ds_b_report.pdf (9 pages, 571735 bytes).
PDF statistics:
 228 PDF objects out of 1000 (max. 8388607)
 164 compressed objects within 2 object streams
 40 named destinations out of 1000 (max. 500000)
 245 words of extra memory for PDF output out of 10000 (max. 10000000)

